#! /usr/bin/vvp
:ivl_version "10.1 (stable)";
:ivl_delay_selection "TYPICAL";
:vpi_time_precision - 12;
:vpi_module "system";
:vpi_module "vhdl_sys";
:vpi_module "v2005_math";
:vpi_module "va_math";
S_0x7fffe026f3a0 .scope module, "cpu_pc_tb" "cpu_pc_tb" 2 25;
 .timescale -9 -12;
v0x7fffe028ff00_0 .var "branch", 0 0;
v0x7fffe028ffc0_0 .var "clk", 0 0;
v0x7fffe0290090_0 .var "interrupt", 0 0;
v0x7fffe0290190_0 .net "interrupt_grant", 0 0, v0x7fffe028f6e0_0;  1 drivers
v0x7fffe0290260_0 .var "jal", 0 0;
v0x7fffe0290300_0 .var "jalr", 0 0;
v0x7fffe02903d0_0 .var "offset", 31 0;
v0x7fffe02904a0_0 .net "pc", 31 0, v0x7fffe028fa00_0;  1 drivers
v0x7fffe0290570_0 .var "reset", 0 0;
v0x7fffe0290640_0 .var "result_from_alu", 31 0;
v0x7fffe0290710_0 .var "zero", 0 0;
S_0x7fffe026f520 .scope module, "uut" "cpu_pc" 2 45, 3 21 0, S_0x7fffe026f3a0;
 .timescale -9 -12;
    .port_info 0 /INPUT 1 "clk"
    .port_info 1 /INPUT 32 "offset"
    .port_info 2 /INPUT 1 "reset"
    .port_info 3 /INPUT 1 "interrupt"
    .port_info 4 /INPUT 1 "branch"
    .port_info 5 /INPUT 1 "zero"
    .port_info 6 /INPUT 1 "jal"
    .port_info 7 /INPUT 1 "jalr"
    .port_info 8 /INPUT 32 "result_from_alu"
    .port_info 9 /OUTPUT 32 "pc"
    .port_info 10 /OUTPUT 1 "interrupt_grant"
v0x7fffe026f6f0_0 .net "branch", 0 0, v0x7fffe028ff00_0;  1 drivers
v0x7fffe028f370_0 .net "clk", 0 0, v0x7fffe028ffc0_0;  1 drivers
v0x7fffe028f430_0 .var "counter", 2 0;
v0x7fffe028f4f0_0 .var "counter_for_interrupt", 1 0;
v0x7fffe028f5d0_0 .net "interrupt", 0 0, v0x7fffe0290090_0;  1 drivers
v0x7fffe028f6e0_0 .var "interrupt_grant", 0 0;
v0x7fffe028f7a0_0 .net "jal", 0 0, v0x7fffe0290260_0;  1 drivers
v0x7fffe028f860_0 .net "jalr", 0 0, v0x7fffe0290300_0;  1 drivers
v0x7fffe028f920_0 .net/s "offset", 31 0, v0x7fffe02903d0_0;  1 drivers
v0x7fffe028fa00_0 .var "pc", 31 0;
v0x7fffe028fae0_0 .net "reset", 0 0, v0x7fffe0290570_0;  1 drivers
v0x7fffe028fba0_0 .net/s "result_from_alu", 31 0, v0x7fffe0290640_0;  1 drivers
v0x7fffe028fc80_0 .net "zero", 0 0, v0x7fffe0290710_0;  1 drivers
E_0x7fffe025a740 .event posedge, v0x7fffe028f370_0;
    .scope S_0x7fffe026f520;
T_0 ;
    %wait E_0x7fffe025a740;
    %load/vec4 v0x7fffe028fae0_0;
    %flag_set/vec4 8;
    %jmp/0xz  T_0.0, 8;
    %pushi/vec4 0, 0, 32;
    %assign/vec4 v0x7fffe028fa00_0, 0;
    %pushi/vec4 0, 0, 3;
    %assign/vec4 v0x7fffe028f430_0, 0;
    %pushi/vec4 0, 0, 2;
    %assign/vec4 v0x7fffe028f4f0_0, 0;
    %pushi/vec4 0, 0, 1;
    %assign/vec4 v0x7fffe028f6e0_0, 0;
    %jmp T_0.1;
T_0.0 ;
    %load/vec4 v0x7fffe028f5d0_0;
    %flag_set/vec4 8;
    %jmp/0xz  T_0.2, 8;
    %load/vec4 v0x7fffe028f4f0_0;
    %addi 1, 0, 2;
    %assign/vec4 v0x7fffe028f4f0_0, 0;
    %load/vec4 v0x7fffe028f4f0_0;
    %cmpi/e 1, 0, 2;
    %jmp/0xz  T_0.4, 4;
    %pushi/vec4 0, 0, 1;
    %assign/vec4 v0x7fffe028f6e0_0, 0;
    %jmp T_0.5;
T_0.4 ;
    %load/vec4 v0x7fffe028f4f0_0;
    %cmpi/e 0, 0, 2;
    %jmp/0xz  T_0.6, 4;
    %pushi/vec4 1, 0, 1;
    %assign/vec4 v0x7fffe028f6e0_0, 0;
    %jmp T_0.7;
T_0.6 ;
    %load/vec4 v0x7fffe028f4f0_0;
    %cmpi/e 3, 0, 2;
    %jmp/0xz  T_0.8, 4;
    %pushi/vec4 0, 0, 2;
    %assign/vec4 v0x7fffe028f4f0_0, 0;
    %pushi/vec4 0, 0, 1;
    %assign/vec4 v0x7fffe028f6e0_0, 0;
    %jmp T_0.9;
T_0.8 ;
    %pushi/vec4 0, 0, 1;
    %assign/vec4 v0x7fffe028f6e0_0, 0;
T_0.9 ;
T_0.7 ;
T_0.5 ;
    %jmp T_0.3;
T_0.2 ;
    %load/vec4 v0x7fffe028f430_0;
    %addi 1, 0, 3;
    %assign/vec4 v0x7fffe028f430_0, 0;
    %load/vec4 v0x7fffe028f430_0;
    %cmpi/e 0, 0, 3;
    %jmp/0xz  T_0.10, 4;
    %pushi/vec4 1, 0, 1;
    %assign/vec4 v0x7fffe028f6e0_0, 0;
    %jmp T_0.11;
T_0.10 ;
    %load/vec4 v0x7fffe028f430_0;
    %cmpi/e 1, 0, 3;
    %jmp/0xz  T_0.12, 4;
    %pushi/vec4 0, 0, 1;
    %assign/vec4 v0x7fffe028f6e0_0, 0;
    %jmp T_0.13;
T_0.12 ;
    %load/vec4 v0x7fffe028f430_0;
    %cmpi/e 2, 0, 3;
    %jmp/0xz  T_0.14, 4;
    %pushi/vec4 0, 0, 1;
    %assign/vec4 v0x7fffe028f6e0_0, 0;
    %jmp T_0.15;
T_0.14 ;
    %load/vec4 v0x7fffe028f430_0;
    %cmpi/e 3, 0, 3;
    %jmp/0xz  T_0.16, 4;
    %pushi/vec4 0, 0, 1;
    %assign/vec4 v0x7fffe028f6e0_0, 0;
    %load/vec4 v0x7fffe026f6f0_0;
    %flag_set/vec4 8;
    %jmp/0xz  T_0.18, 8;
    %load/vec4 v0x7fffe026f6f0_0;
    %load/vec4 v0x7fffe028fc80_0;
    %and;
    %flag_set/vec4 8;
    %jmp/0 T_0.20, 8;
    %load/vec4 v0x7fffe028fa00_0;
    %load/vec4 v0x7fffe028f920_0;
    %add;
    %jmp/1 T_0.21, 8;
T_0.20 ; End of true expr.
    %load/vec4 v0x7fffe028fa00_0;
    %addi 4, 0, 32;
    %jmp/0 T_0.21, 8;
 ; End of false expr.
    %blend;
T_0.21;
    %assign/vec4 v0x7fffe028fa00_0, 0;
    %jmp T_0.19;
T_0.18 ;
    %load/vec4 v0x7fffe028f7a0_0;
    %flag_set/vec4 8;
    %jmp/0xz  T_0.22, 8;
    %load/vec4 v0x7fffe028fa00_0;
    %load/vec4 v0x7fffe028f920_0;
    %add;
    %assign/vec4 v0x7fffe028fa00_0, 0;
    %jmp T_0.23;
T_0.22 ;
    %load/vec4 v0x7fffe028f860_0;
    %flag_set/vec4 8;
    %jmp/0xz  T_0.24, 8;
    %load/vec4 v0x7fffe028fa00_0;
    %load/vec4 v0x7fffe028fba0_0;
    %add;
    %assign/vec4 v0x7fffe028fa00_0, 0;
    %jmp T_0.25;
T_0.24 ;
    %load/vec4 v0x7fffe028fa00_0;
    %addi 4, 0, 32;
    %assign/vec4 v0x7fffe028fa00_0, 0;
T_0.25 ;
T_0.23 ;
T_0.19 ;
    %jmp T_0.17;
T_0.16 ;
    %load/vec4 v0x7fffe028f430_0;
    %cmpi/e 4, 0, 3;
    %jmp/0xz  T_0.26, 4;
    %pushi/vec4 0, 0, 1;
    %assign/vec4 v0x7fffe028f6e0_0, 0;
    %jmp T_0.27;
T_0.26 ;
    %load/vec4 v0x7fffe028f430_0;
    %cmpi/e 5, 0, 3;
    %jmp/0xz  T_0.28, 4;
    %pushi/vec4 0, 0, 1;
    %assign/vec4 v0x7fffe028f6e0_0, 0;
    %pushi/vec4 0, 0, 3;
    %assign/vec4 v0x7fffe028f430_0, 0;
T_0.28 ;
T_0.27 ;
T_0.17 ;
T_0.15 ;
T_0.13 ;
T_0.11 ;
T_0.3 ;
T_0.1 ;
    %jmp T_0;
    .thread T_0;
    .scope S_0x7fffe026f3a0;
T_1 ;
    %delay 5000, 0;
    %load/vec4 v0x7fffe028ffc0_0;
    %inv;
    %store/vec4 v0x7fffe028ffc0_0, 0, 1;
    %jmp T_1;
    .thread T_1;
    .scope S_0x7fffe026f3a0;
T_2 ;
    %pushi/vec4 0, 0, 1;
    %store/vec4 v0x7fffe028ffc0_0, 0, 1;
    %pushi/vec4 0, 0, 32;
    %store/vec4 v0x7fffe02903d0_0, 0, 32;
    %pushi/vec4 1, 0, 1;
    %store/vec4 v0x7fffe0290570_0, 0, 1;
    %pushi/vec4 0, 0, 1;
    %store/vec4 v0x7fffe028ff00_0, 0, 1;
    %pushi/vec4 0, 0, 1;
    %store/vec4 v0x7fffe0290710_0, 0, 1;
    %pushi/vec4 0, 0, 1;
    %store/vec4 v0x7fffe0290260_0, 0, 1;
    %pushi/vec4 0, 0, 1;
    %store/vec4 v0x7fffe0290300_0, 0, 1;
    %pushi/vec4 0, 0, 1;
    %store/vec4 v0x7fffe0290090_0, 0, 1;
    %pushi/vec4 0, 0, 32;
    %store/vec4 v0x7fffe0290640_0, 0, 32;
    %delay 100000, 0;
    %pushi/vec4 0, 0, 1;
    %store/vec4 v0x7fffe0290570_0, 0, 1;
    %delay 100000, 0;
    %pushi/vec4 1, 0, 1;
    %store/vec4 v0x7fffe0290090_0, 0, 1;
    %delay 485000, 0;
    %pushi/vec4 0, 0, 1;
    %store/vec4 v0x7fffe0290090_0, 0, 1;
    %delay 115000, 0;
    %pushi/vec4 1, 0, 1;
    %store/vec4 v0x7fffe0290570_0, 0, 1;
    %end;
    .thread T_2;
# The file index is used to find the file name in the following table.
:file_names 4;
    "N/A";
    "<interactive>";
    "cpu_pc_tb.v";
    "cpu_pc.v";
